<?xml version="1.0" encoding="UTF-8"?>
<!-- Generated by org.testng.reporters.JUnitXMLReporter -->
<testsuite hostname="LAPTOP-2M6SULJS" ignored="0" name="common" tests="1" failures="1" timestamp="2021-03-13T01:57:10 IST" time="147.355" errors="0">
  <testcase name="@AfterMethod getResult" time="0.008" classname="com.qa.basePage.base">
    <failure type="java.lang.NullPointerException">
      <![CDATA[java.lang.NullPointerException
at com.qa.basePage.base.getResult(base.java:194)
at java.util.ArrayList.forEach(ArrayList.java:1259)
... Removed 32 stack frames]]>
    </failure>
  </testcase> <!-- @AfterMethod getResult -->
  <testcase name="@AfterTest tearDown" time="0.069" classname="com.qa.basePage.base">
    <failure type="org.openqa.selenium.UnsupportedCommandException" message="The requested resource could not be found, or a request was received using an HTTP method that is not supported by the mapped resource
Build info: version: &amp;apos;3.141.59&amp;apos;, revision: &amp;apos;e82be7d358&amp;apos;, time: &amp;apos;2018-11-14T08:17:03&amp;apos;
System info: host: &amp;apos;LAPTOP-2M6SULJS&amp;apos;, ip: &amp;apos;192.168.43.182&amp;apos;, os.name: &amp;apos;Windows 10&amp;apos;, os.arch: &amp;apos;amd64&amp;apos;, os.version: &amp;apos;10.0&amp;apos;, java.version: &amp;apos;1.8.0_261&amp;apos;
Driver info: io.appium.java_client.AppiumDriver
Capabilities {AutomationName: Appium, Version: 7.1.1, appActivity: com.application.zomato.acti..., appPackage: com.application.zomato, databaseEnabled: false, desired: {AutomationName: Appium, Version: 7.1.1, appActivity: com.application.zomato.acti..., appPackage: com.application.zomato, deviceName: OPPO A 71, platformName: android, udid: TO9P8PTGAM554HNB}, deviceApiLevel: 25, deviceManufacturer: OPPO, deviceModel: CPH1717, deviceName: TO9P8PTGAM554HNB, deviceScreenDensity: 320, deviceScreenSize: 720x1280, deviceUDID: TO9P8PTGAM554HNB, javascriptEnabled: true, locationContextEnabled: false, networkConnectionEnabled: true, pixelRatio: 2, platform: LINUX, platformName: Android, platformVersion: 7.1.1, statBarHeight: 36, takesScreenshot: true, udid: TO9P8PTGAM554HNB, viewportRect: {height: 1244, left: 0, top: 36, width: 720}, warnings: {}, webStorageEnabled: false}
Session ID: c204e44e-88f9-4f58-80fc-e71269fc4d5d">
      <![CDATA[org.openqa.selenium.UnsupportedCommandException: The requested resource could not be found, or a request was received using an HTTP method that is not supported by the mapped resource
Build info: version: '3.141.59', revision: 'e82be7d358', time: '2018-11-14T08:17:03'
System info: host: 'LAPTOP-2M6SULJS', ip: '192.168.43.182', os.name: 'Windows 10', os.arch: 'amd64', os.version: '10.0', java.version: '1.8.0_261'
Driver info: io.appium.java_client.AppiumDriver
Capabilities {AutomationName: Appium, Version: 7.1.1, appActivity: com.application.zomato.acti..., appPackage: com.application.zomato, databaseEnabled: false, desired: {AutomationName: Appium, Version: 7.1.1, appActivity: com.application.zomato.acti..., appPackage: com.application.zomato, deviceName: OPPO A 71, platformName: android, udid: TO9P8PTGAM554HNB}, deviceApiLevel: 25, deviceManufacturer: OPPO, deviceModel: CPH1717, deviceName: TO9P8PTGAM554HNB, deviceScreenDensity: 320, deviceScreenSize: 720x1280, deviceUDID: TO9P8PTGAM554HNB, javascriptEnabled: true, locationContextEnabled: false, networkConnectionEnabled: true, pixelRatio: 2, platform: LINUX, platformName: Android, platformVersion: 7.1.1, statBarHeight: 36, takesScreenshot: true, udid: TO9P8PTGAM554HNB, viewportRect: {height: 1244, left: 0, top: 36, width: 720}, warnings: {}, webStorageEnabled: false}
Session ID: c204e44e-88f9-4f58-80fc-e71269fc4d5d
at org.openqa.selenium.remote.http.W3CHttpResponseCodec.createException(W3CHttpResponseCodec.java:187)
at org.openqa.selenium.remote.http.W3CHttpResponseCodec.decode(W3CHttpResponseCodec.java:122)
at org.openqa.selenium.remote.http.W3CHttpResponseCodec.decode(W3CHttpResponseCodec.java:49)
at org.openqa.selenium.remote.HttpCommandExecutor.execute(HttpCommandExecutor.java:158)
at io.appium.java_client.remote.AppiumCommandExecutor.execute(AppiumCommandExecutor.java:239)
at org.openqa.selenium.remote.RemoteWebDriver.execute(RemoteWebDriver.java:552)
at io.appium.java_client.DefaultGenericMobileDriver.execute(DefaultGenericMobileDriver.java:45)
at io.appium.java_client.AppiumDriver.execute(AppiumDriver.java:1)
at org.openqa.selenium.remote.RemoteWebDriver.close(RemoteWebDriver.java:442)
at com.qa.basePage.base.tearDown(base.java:207)
... Removed 28 stack frames]]>
    </failure>
  </testcase> <!-- @AfterTest tearDown -->
  <testcase name="registrationAndSelectTheItemFinallyAddToCartTest" time="125.103" classname="zomatoApp.zomatoLoginTest">
    <failure type="org.openqa.selenium.NoSuchElementException" message="Can&amp;apos;t locate an element by this strategy: By.chained({By.id: com.application.zomato:id/button})">
      <![CDATA[org.openqa.selenium.NoSuchElementException: Can't locate an element by this strategy: By.chained({By.id: com.application.zomato:id/button})
at io.appium.java_client.pagefactory.AppiumElementLocator.findElement(AppiumElementLocator.java:126)
at io.appium.java_client.pagefactory.interceptors.InterceptorOfASingleElement.intercept(InterceptorOfASingleElement.java:59)
at io.appium.java_client.android.AndroidElement$$EnhancerByCGLIB$$b598166c.click(<generated>)
at com.qa.pages.loginPage.loginTest(loginPage.java:165)
at zomatoApp.zomatoLoginTest.registrationAndSelectTheItemFinallyAddToCartTest(zomatoLoginTest.java:40)
at java.util.ArrayList.forEach(ArrayList.java:1259)
Caused by: org.openqa.selenium.TimeoutException: Expected condition failed: waiting for io.appium.java_client.pagefactory.AppiumElementLocator$WaitingFunction@3c49fab6 (tried for 1 second(s) with 500 milliseconds interval)
at org.openqa.selenium.support.ui.FluentWait.timeoutException(FluentWait.java:304)
at org.openqa.selenium.support.ui.FluentWait.until(FluentWait.java:272)
at io.appium.java_client.pagefactory.AppiumElementLocator.waitFor(AppiumElementLocator.java:99)
at io.appium.java_client.pagefactory.AppiumElementLocator.findElement(AppiumElementLocator.java:119)
... 32 more
Caused by: org.openqa.selenium.NoSuchElementException: Cannot locate an element using By.chained({By.id: com.application.zomato:id/button})
For documentation on this error, please visit: https://www.seleniumhq.org/exceptions/no_such_element.html
Build info: version: '3.141.59', revision: 'e82be7d358', time: '2018-11-14T08:17:03'
System info: host: 'LAPTOP-2M6SULJS', ip: '192.168.43.182', os.name: 'Windows 10', os.arch: 'amd64', os.version: '10.0', java.version: '1.8.0_261'
Driver info: driver.version: AppiumDriver
at io.appium.java_client.pagefactory.bys.builder.ByChained.findElement(ByChained.java:74)
at org.openqa.selenium.remote.RemoteWebDriver.findElement(RemoteWebDriver.java:315)
at io.appium.java_client.DefaultGenericMobileDriver.findElement(DefaultGenericMobileDriver.java:57)
at io.appium.java_client.AppiumDriver.findElement(AppiumDriver.java:1)
at io.appium.java_client.pagefactory.bys.ContentMappedBy.findElement(ContentMappedBy.java:50)
at org.openqa.selenium.remote.RemoteWebDriver.findElement(RemoteWebDriver.java:315)
at io.appium.java_client.DefaultGenericMobileDriver.findElement(DefaultGenericMobileDriver.java:57)
at io.appium.java_client.AppiumDriver.findElement(AppiumDriver.java:1)
at io.appium.java_client.pagefactory.AppiumElementLocator.lambda$0(AppiumElementLocator.java:120)
at io.appium.java_client.pagefactory.AppiumElementLocator$WaitingFunction.apply(AppiumElementLocator.java:172)
at io.appium.java_client.pagefactory.AppiumElementLocator$WaitingFunction.apply(AppiumElementLocator.java:1)
at org.openqa.selenium.support.ui.FluentWait.until(FluentWait.java:249)
... 34 more
... Removed 27 stack frames]]>
    </failure>
  </testcase> <!-- registrationAndSelectTheItemFinallyAddToCartTest -->
</testsuite> <!-- common -->
